14-Jun-2025 21:47:02.303 INFO [main] org.apache.catalina.startup.VersionLoggerListener.log Server version name:   Apache Tomcat/10.1.42
14-Jun-2025 21:47:02.387 INFO [main] org.apache.catalina.startup.VersionLoggerListener.log Server built:          Jun 5 2025 22:35:46 UTC
14-Jun-2025 21:47:02.393 INFO [main] org.apache.catalina.startup.VersionLoggerListener.log Server version number: 10.1.42.0
14-Jun-2025 21:47:02.394 INFO [main] org.apache.catalina.startup.VersionLoggerListener.log OS Name:               Windows 10
14-Jun-2025 21:47:02.396 INFO [main] org.apache.catalina.startup.VersionLoggerListener.log OS Version:            10.0
14-Jun-2025 21:47:02.398 INFO [main] org.apache.catalina.startup.VersionLoggerListener.log Architecture:          amd64
14-Jun-2025 21:47:02.399 INFO [main] org.apache.catalina.startup.VersionLoggerListener.log Java Home:             C:\Program Files\Java\jdk-17
14-Jun-2025 21:47:02.400 INFO [main] org.apache.catalina.startup.VersionLoggerListener.log JVM Version:           17.0.12+8-LTS-286
14-Jun-2025 21:47:02.401 INFO [main] org.apache.catalina.startup.VersionLoggerListener.log JVM Vendor:            Oracle Corporation
14-Jun-2025 21:47:02.402 INFO [main] org.apache.catalina.startup.VersionLoggerListener.log CATALINA_BASE:         F:\jsp\apache-tomcat-10.1.42
14-Jun-2025 21:47:02.402 INFO [main] org.apache.catalina.startup.VersionLoggerListener.log CATALINA_HOME:         F:\jsp\apache-tomcat-10.1.42
14-Jun-2025 21:47:02.866 INFO [main] org.apache.catalina.startup.VersionLoggerListener.log Command line argument: -Djava.util.logging.config.file=F:\jsp\apache-tomcat-10.1.42\conf\logging.properties
14-Jun-2025 21:47:02.871 INFO [main] org.apache.catalina.startup.VersionLoggerListener.log Command line argument: -Djava.util.logging.manager=org.apache.juli.ClassLoaderLogManager
14-Jun-2025 21:47:02.874 INFO [main] org.apache.catalina.startup.VersionLoggerListener.log Command line argument: -Djdk.tls.ephemeralDHKeySize=2048
14-Jun-2025 21:47:02.874 INFO [main] org.apache.catalina.startup.VersionLoggerListener.log Command line argument: -Djava.protocol.handler.pkgs=org.apache.catalina.webresources
14-Jun-2025 21:47:02.874 INFO [main] org.apache.catalina.startup.VersionLoggerListener.log Command line argument: -Dsun.io.useCanonCaches=false
14-Jun-2025 21:47:02.874 INFO [main] org.apache.catalina.startup.VersionLoggerListener.log Command line argument: --add-opens=java.base/java.lang=ALL-UNNAMED
14-Jun-2025 21:47:02.874 INFO [main] org.apache.catalina.startup.VersionLoggerListener.log Command line argument: --add-opens=java.base/java.lang.reflect=ALL-UNNAMED
14-Jun-2025 21:47:02.930 INFO [main] org.apache.catalina.startup.VersionLoggerListener.log Command line argument: --add-opens=java.base/java.io=ALL-UNNAMED
14-Jun-2025 21:47:02.930 INFO [main] org.apache.catalina.startup.VersionLoggerListener.log Command line argument: --add-opens=java.base/java.util=ALL-UNNAMED
14-Jun-2025 21:47:02.930 INFO [main] org.apache.catalina.startup.VersionLoggerListener.log Command line argument: --add-opens=java.base/java.util.concurrent=ALL-UNNAMED
14-Jun-2025 21:47:02.930 INFO [main] org.apache.catalina.startup.VersionLoggerListener.log Command line argument: --add-opens=java.rmi/sun.rmi.transport=ALL-UNNAMED
14-Jun-2025 21:47:02.930 INFO [main] org.apache.catalina.startup.VersionLoggerListener.log Command line argument: -Dcatalina.base=F:\jsp\apache-tomcat-10.1.42
14-Jun-2025 21:47:02.930 INFO [main] org.apache.catalina.startup.VersionLoggerListener.log Command line argument: -Dcatalina.home=F:\jsp\apache-tomcat-10.1.42
14-Jun-2025 21:47:02.930 INFO [main] org.apache.catalina.startup.VersionLoggerListener.log Command line argument: -Djava.io.tmpdir=F:\jsp\apache-tomcat-10.1.42\temp
14-Jun-2025 21:47:04.419 INFO [main] org.apache.catalina.core.AprLifecycleListener.lifecycleEvent Loaded Apache Tomcat Native library [2.0.9] using APR version [1.7.6].
14-Jun-2025 21:47:04.735 INFO [main] org.apache.catalina.core.AprLifecycleListener.initializeSSL OpenSSL successfully initialized [OpenSSL 3.5.0 8 Apr 2025]
14-Jun-2025 21:47:18.391 INFO [main] org.apache.coyote.AbstractProtocol.init Initializing ProtocolHandler ["http-nio-8080"]
14-Jun-2025 21:47:19.112 INFO [main] org.apache.catalina.startup.Catalina.load Server initialization in [24999] milliseconds
14-Jun-2025 21:47:21.085 INFO [main] org.apache.catalina.core.StandardService.startInternal Starting service [Catalina]
14-Jun-2025 21:47:21.085 INFO [main] org.apache.catalina.core.StandardEngine.startInternal Starting Servlet engine: [Apache Tomcat/10.1.42]
14-Jun-2025 21:47:22.010 INFO [main] org.apache.catalina.startup.HostConfig.deployDirectory Deploying web application directory [F:\jsp\apache-tomcat-10.1.42\webapps\docs]
14-Jun-2025 21:47:33.619 WARNING [main] org.apache.catalina.util.SessionIdGeneratorBase.createSecureRandom Creation of SecureRandom instance for session ID generation using [SHA1PRNG] took [735] milliseconds.
14-Jun-2025 21:47:34.181 INFO [main] org.apache.catalina.startup.HostConfig.deployDirectory Deployment of web application directory [F:\jsp\apache-tomcat-10.1.42\webapps\docs] has finished in [12,171] ms
14-Jun-2025 21:47:34.197 INFO [main] org.apache.catalina.startup.HostConfig.deployDirectory Deploying web application directory [F:\jsp\apache-tomcat-10.1.42\webapps\examples]
14-Jun-2025 21:47:47.102 INFO [main] org.apache.catalina.startup.HostConfig.deployDirectory Deployment of web application directory [F:\jsp\apache-tomcat-10.1.42\webapps\examples] has finished in [12,921] ms
14-Jun-2025 21:47:47.122 INFO [main] org.apache.catalina.startup.HostConfig.deployDirectory Deploying web application directory [F:\jsp\apache-tomcat-10.1.42\webapps\host-manager]
14-Jun-2025 21:47:48.624 INFO [main] org.apache.catalina.startup.HostConfig.deployDirectory Deployment of web application directory [F:\jsp\apache-tomcat-10.1.42\webapps\host-manager] has finished in [1,503] ms
14-Jun-2025 21:47:48.624 INFO [main] org.apache.catalina.startup.HostConfig.deployDirectory Deploying web application directory [F:\jsp\apache-tomcat-10.1.42\webapps\manager]
14-Jun-2025 21:47:49.342 INFO [main] org.apache.catalina.startup.HostConfig.deployDirectory Deployment of web application directory [F:\jsp\apache-tomcat-10.1.42\webapps\manager] has finished in [718] ms
14-Jun-2025 21:47:49.342 INFO [main] org.apache.catalina.startup.HostConfig.deployDirectory Deploying web application directory [F:\jsp\apache-tomcat-10.1.42\webapps\ROOT]
14-Jun-2025 21:47:49.608 INFO [main] org.apache.catalina.startup.HostConfig.deployDirectory Deployment of web application directory [F:\jsp\apache-tomcat-10.1.42\webapps\ROOT] has finished in [266] ms
14-Jun-2025 21:47:49.686 INFO [main] org.apache.coyote.AbstractProtocol.start Starting ProtocolHandler ["http-nio-8080"]
14-Jun-2025 21:48:09.763 INFO [main] org.apache.catalina.startup.Catalina.start Server startup in [50640] milliseconds
14-Jun-2025 22:11:13.505 INFO [main] org.apache.catalina.startup.VersionLoggerListener.log Server version name:   Apache Tomcat/10.1.42
14-Jun-2025 22:11:13.803 INFO [main] org.apache.catalina.startup.VersionLoggerListener.log Server built:          Jun 5 2025 22:35:46 UTC
14-Jun-2025 22:11:13.829 INFO [main] org.apache.catalina.startup.VersionLoggerListener.log Server version number: 10.1.42.0
14-Jun-2025 22:11:13.838 INFO [main] org.apache.catalina.startup.VersionLoggerListener.log OS Name:               Windows 10
14-Jun-2025 22:11:13.840 INFO [main] org.apache.catalina.startup.VersionLoggerListener.log OS Version:            10.0
14-Jun-2025 22:11:13.844 INFO [main] org.apache.catalina.startup.VersionLoggerListener.log Architecture:          amd64
14-Jun-2025 22:11:13.846 INFO [main] org.apache.catalina.startup.VersionLoggerListener.log Java Home:             C:\Program Files\Java\jdk-17
14-Jun-2025 22:11:13.849 INFO [main] org.apache.catalina.startup.VersionLoggerListener.log JVM Version:           17.0.12+8-LTS-286
14-Jun-2025 22:11:13.851 INFO [main] org.apache.catalina.startup.VersionLoggerListener.log JVM Vendor:            Oracle Corporation
14-Jun-2025 22:11:13.852 INFO [main] org.apache.catalina.startup.VersionLoggerListener.log CATALINA_BASE:         F:\jsp\apache-tomcat-10.1.42
14-Jun-2025 22:11:13.854 INFO [main] org.apache.catalina.startup.VersionLoggerListener.log CATALINA_HOME:         F:\jsp\apache-tomcat-10.1.42
14-Jun-2025 22:11:14.096 INFO [main] org.apache.catalina.startup.VersionLoggerListener.log Command line argument: -Djava.util.logging.config.file=F:\jsp\apache-tomcat-10.1.42\conf\logging.properties
14-Jun-2025 22:11:14.112 INFO [main] org.apache.catalina.startup.VersionLoggerListener.log Command line argument: -Djava.util.logging.manager=org.apache.juli.ClassLoaderLogManager
14-Jun-2025 22:11:14.114 INFO [main] org.apache.catalina.startup.VersionLoggerListener.log Command line argument: -Djdk.tls.ephemeralDHKeySize=2048
14-Jun-2025 22:11:14.115 INFO [main] org.apache.catalina.startup.VersionLoggerListener.log Command line argument: -Djava.protocol.handler.pkgs=org.apache.catalina.webresources
14-Jun-2025 22:11:14.116 INFO [main] org.apache.catalina.startup.VersionLoggerListener.log Command line argument: -Dsun.io.useCanonCaches=false
14-Jun-2025 22:11:14.118 INFO [main] org.apache.catalina.startup.VersionLoggerListener.log Command line argument: --add-opens=java.base/java.lang=ALL-UNNAMED
14-Jun-2025 22:11:14.121 INFO [main] org.apache.catalina.startup.VersionLoggerListener.log Command line argument: --add-opens=java.base/java.lang.reflect=ALL-UNNAMED
14-Jun-2025 22:11:14.122 INFO [main] org.apache.catalina.startup.VersionLoggerListener.log Command line argument: --add-opens=java.base/java.io=ALL-UNNAMED
14-Jun-2025 22:11:14.123 INFO [main] org.apache.catalina.startup.VersionLoggerListener.log Command line argument: --add-opens=java.base/java.util=ALL-UNNAMED
14-Jun-2025 22:11:14.128 INFO [main] org.apache.catalina.startup.VersionLoggerListener.log Command line argument: --add-opens=java.base/java.util.concurrent=ALL-UNNAMED
14-Jun-2025 22:11:14.130 INFO [main] org.apache.catalina.startup.VersionLoggerListener.log Command line argument: --add-opens=java.rmi/sun.rmi.transport=ALL-UNNAMED
14-Jun-2025 22:11:14.131 INFO [main] org.apache.catalina.startup.VersionLoggerListener.log Command line argument: -Dcatalina.base=F:\jsp\apache-tomcat-10.1.42
14-Jun-2025 22:11:14.133 INFO [main] org.apache.catalina.startup.VersionLoggerListener.log Command line argument: -Dcatalina.home=F:\jsp\apache-tomcat-10.1.42
14-Jun-2025 22:11:14.133 INFO [main] org.apache.catalina.startup.VersionLoggerListener.log Command line argument: -Djava.io.tmpdir=F:\jsp\apache-tomcat-10.1.42\temp
14-Jun-2025 22:11:14.878 INFO [main] org.apache.catalina.core.AprLifecycleListener.lifecycleEvent Loaded Apache Tomcat Native library [2.0.9] using APR version [1.7.6].
14-Jun-2025 22:11:15.014 INFO [main] org.apache.catalina.core.AprLifecycleListener.initializeSSL OpenSSL successfully initialized [OpenSSL 3.5.0 8 Apr 2025]
14-Jun-2025 22:11:21.347 INFO [main] org.apache.coyote.AbstractProtocol.init Initializing ProtocolHandler ["http-nio-8080"]
14-Jun-2025 22:11:22.169 INFO [main] org.apache.catalina.startup.Catalina.load Server initialization in [14532] milliseconds
14-Jun-2025 22:11:23.248 INFO [main] org.apache.catalina.core.StandardService.startInternal Starting service [Catalina]
14-Jun-2025 22:11:23.252 INFO [main] org.apache.catalina.core.StandardEngine.startInternal Starting Servlet engine: [Apache Tomcat/10.1.42]
14-Jun-2025 22:11:23.519 INFO [main] org.apache.catalina.startup.HostConfig.deployDirectory Deploying web application directory [F:\jsp\apache-tomcat-10.1.42\webapps\docs]
14-Jun-2025 22:11:31.026 WARNING [main] org.apache.catalina.util.SessionIdGeneratorBase.createSecureRandom Creation of SecureRandom instance for session ID generation using [SHA1PRNG] took [745] milliseconds.
14-Jun-2025 22:11:31.697 INFO [main] org.apache.catalina.startup.HostConfig.deployDirectory Deployment of web application directory [F:\jsp\apache-tomcat-10.1.42\webapps\docs] has finished in [8,180] ms
14-Jun-2025 22:11:31.723 INFO [main] org.apache.catalina.startup.HostConfig.deployDirectory Deploying web application directory [F:\jsp\apache-tomcat-10.1.42\webapps\examples]
14-Jun-2025 22:11:41.886 INFO [main] org.apache.catalina.startup.HostConfig.deployDirectory Deployment of web application directory [F:\jsp\apache-tomcat-10.1.42\webapps\examples] has finished in [10,163] ms
14-Jun-2025 22:11:41.886 INFO [main] org.apache.catalina.startup.HostConfig.deployDirectory Deploying web application directory [F:\jsp\apache-tomcat-10.1.42\webapps\host-manager]
14-Jun-2025 22:11:42.371 INFO [main] org.apache.catalina.startup.HostConfig.deployDirectory Deployment of web application directory [F:\jsp\apache-tomcat-10.1.42\webapps\host-manager] has finished in [482] ms
14-Jun-2025 22:11:42.374 INFO [main] org.apache.catalina.startup.HostConfig.deployDirectory Deploying web application directory [F:\jsp\apache-tomcat-10.1.42\webapps\manager]
14-Jun-2025 22:11:42.948 INFO [main] org.apache.catalina.startup.HostConfig.deployDirectory Deployment of web application directory [F:\jsp\apache-tomcat-10.1.42\webapps\manager] has finished in [572] ms
14-Jun-2025 22:11:42.952 INFO [main] org.apache.catalina.startup.HostConfig.deployDirectory Deploying web application directory [F:\jsp\apache-tomcat-10.1.42\webapps\ROOT]
14-Jun-2025 22:11:43.336 INFO [main] org.apache.catalina.startup.HostConfig.deployDirectory Deployment of web application directory [F:\jsp\apache-tomcat-10.1.42\webapps\ROOT] has finished in [383] ms
14-Jun-2025 22:11:43.502 INFO [main] org.apache.coyote.AbstractProtocol.start Starting ProtocolHandler ["http-nio-8080"]
14-Jun-2025 22:11:44.298 INFO [main] org.apache.catalina.startup.Catalina.start Server startup in [22127] milliseconds
14-Jun-2025 22:49:46.966 INFO [main] org.apache.catalina.core.StandardServer.await A valid shutdown command was received via the shutdown port. Stopping the Server instance.
14-Jun-2025 22:49:46.973 INFO [main] org.apache.coyote.AbstractProtocol.pause Pausing ProtocolHandler ["http-nio-8080"]
14-Jun-2025 22:49:52.768 INFO [main] org.apache.catalina.core.StandardService.stopInternal Stopping service [Catalina]
14-Jun-2025 22:49:53.491 INFO [main] org.apache.coyote.AbstractProtocol.stop Stopping ProtocolHandler ["http-nio-8080"]
14-Jun-2025 22:49:53.647 INFO [main] org.apache.coyote.AbstractProtocol.destroy Destroying ProtocolHandler ["http-nio-8080"]
14-Jun-2025 23:30:33.144 INFO [main] org.apache.catalina.startup.VersionLoggerListener.log Server version name:   Apache Tomcat/10.1.42
14-Jun-2025 23:30:33.279 INFO [main] org.apache.catalina.startup.VersionLoggerListener.log Server built:          Jun 5 2025 22:35:46 UTC
14-Jun-2025 23:30:33.283 INFO [main] org.apache.catalina.startup.VersionLoggerListener.log Server version number: 10.1.42.0
14-Jun-2025 23:30:33.316 INFO [main] org.apache.catalina.startup.VersionLoggerListener.log OS Name:               Windows 10
14-Jun-2025 23:30:33.326 INFO [main] org.apache.catalina.startup.VersionLoggerListener.log OS Version:            10.0
14-Jun-2025 23:30:33.327 INFO [main] org.apache.catalina.startup.VersionLoggerListener.log Architecture:          amd64
14-Jun-2025 23:30:33.328 INFO [main] org.apache.catalina.startup.VersionLoggerListener.log Java Home:             C:\Program Files\Java\jdk-17
14-Jun-2025 23:30:33.330 INFO [main] org.apache.catalina.startup.VersionLoggerListener.log JVM Version:           17.0.12+8-LTS-286
14-Jun-2025 23:30:33.331 INFO [main] org.apache.catalina.startup.VersionLoggerListener.log JVM Vendor:            Oracle Corporation
14-Jun-2025 23:30:33.334 INFO [main] org.apache.catalina.startup.VersionLoggerListener.log CATALINA_BASE:         F:\jsp\apache-tomcat-10.1.42
14-Jun-2025 23:30:33.335 INFO [main] org.apache.catalina.startup.VersionLoggerListener.log CATALINA_HOME:         F:\jsp\apache-tomcat-10.1.42
14-Jun-2025 23:30:33.435 INFO [main] org.apache.catalina.startup.VersionLoggerListener.log Command line argument: -Djava.util.logging.config.file=F:\jsp\apache-tomcat-10.1.42\conf\logging.properties
14-Jun-2025 23:30:33.440 INFO [main] org.apache.catalina.startup.VersionLoggerListener.log Command line argument: -Djava.util.logging.manager=org.apache.juli.ClassLoaderLogManager
14-Jun-2025 23:30:33.443 INFO [main] org.apache.catalina.startup.VersionLoggerListener.log Command line argument: -Djdk.tls.ephemeralDHKeySize=2048
14-Jun-2025 23:30:33.445 INFO [main] org.apache.catalina.startup.VersionLoggerListener.log Command line argument: -Djava.protocol.handler.pkgs=org.apache.catalina.webresources
14-Jun-2025 23:30:33.445 INFO [main] org.apache.catalina.startup.VersionLoggerListener.log Command line argument: -Dsun.io.useCanonCaches=false
14-Jun-2025 23:30:33.446 INFO [main] org.apache.catalina.startup.VersionLoggerListener.log Command line argument: --add-opens=java.base/java.lang=ALL-UNNAMED
14-Jun-2025 23:30:33.447 INFO [main] org.apache.catalina.startup.VersionLoggerListener.log Command line argument: --add-opens=java.base/java.lang.reflect=ALL-UNNAMED
14-Jun-2025 23:30:33.448 INFO [main] org.apache.catalina.startup.VersionLoggerListener.log Command line argument: --add-opens=java.base/java.io=ALL-UNNAMED
14-Jun-2025 23:30:33.449 INFO [main] org.apache.catalina.startup.VersionLoggerListener.log Command line argument: --add-opens=java.base/java.util=ALL-UNNAMED
14-Jun-2025 23:30:33.450 INFO [main] org.apache.catalina.startup.VersionLoggerListener.log Command line argument: --add-opens=java.base/java.util.concurrent=ALL-UNNAMED
14-Jun-2025 23:30:33.460 INFO [main] org.apache.catalina.startup.VersionLoggerListener.log Command line argument: --add-opens=java.rmi/sun.rmi.transport=ALL-UNNAMED
14-Jun-2025 23:30:33.462 INFO [main] org.apache.catalina.startup.VersionLoggerListener.log Command line argument: -Dcatalina.base=F:\jsp\apache-tomcat-10.1.42
14-Jun-2025 23:30:33.468 INFO [main] org.apache.catalina.startup.VersionLoggerListener.log Command line argument: -Dcatalina.home=F:\jsp\apache-tomcat-10.1.42
14-Jun-2025 23:30:33.469 INFO [main] org.apache.catalina.startup.VersionLoggerListener.log Command line argument: -Djava.io.tmpdir=F:\jsp\apache-tomcat-10.1.42\temp
14-Jun-2025 23:30:33.559 INFO [main] org.apache.catalina.core.AprLifecycleListener.lifecycleEvent Loaded Apache Tomcat Native library [2.0.9] using APR version [1.7.6].
14-Jun-2025 23:30:33.652 INFO [main] org.apache.catalina.core.AprLifecycleListener.initializeSSL OpenSSL successfully initialized [OpenSSL 3.5.0 8 Apr 2025]
14-Jun-2025 23:30:38.864 INFO [main] org.apache.coyote.AbstractProtocol.init Initializing ProtocolHandler ["http-nio-8080"]
14-Jun-2025 23:30:39.690 INFO [main] org.apache.catalina.startup.Catalina.load Server initialization in [9480] milliseconds
14-Jun-2025 23:30:40.432 INFO [main] org.apache.catalina.core.StandardService.startInternal Starting service [Catalina]
14-Jun-2025 23:30:40.433 INFO [main] org.apache.catalina.core.StandardEngine.startInternal Starting Servlet engine: [Apache Tomcat/10.1.42]
14-Jun-2025 23:30:40.576 INFO [main] org.apache.catalina.startup.HostConfig.deployDirectory Deploying web application directory [F:\jsp\apache-tomcat-10.1.42\webapps\docs]
14-Jun-2025 23:30:45.056 WARNING [main] org.apache.catalina.util.SessionIdGeneratorBase.createSecureRandom Creation of SecureRandom instance for session ID generation using [SHA1PRNG] took [694] milliseconds.
14-Jun-2025 23:30:45.372 INFO [main] org.apache.catalina.startup.HostConfig.deployDirectory Deployment of web application directory [F:\jsp\apache-tomcat-10.1.42\webapps\docs] has finished in [4,794] ms
14-Jun-2025 23:30:45.373 INFO [main] org.apache.catalina.startup.HostConfig.deployDirectory Deploying web application directory [F:\jsp\apache-tomcat-10.1.42\webapps\examples]
14-Jun-2025 23:30:50.392 INFO [main] org.apache.catalina.startup.HostConfig.deployDirectory Deployment of web application directory [F:\jsp\apache-tomcat-10.1.42\webapps\examples] has finished in [5,019] ms
14-Jun-2025 23:30:50.392 INFO [main] org.apache.catalina.startup.HostConfig.deployDirectory Deploying web application directory [F:\jsp\apache-tomcat-10.1.42\webapps\host-manager]
14-Jun-2025 23:30:51.240 INFO [main] org.apache.catalina.startup.HostConfig.deployDirectory Deployment of web application directory [F:\jsp\apache-tomcat-10.1.42\webapps\host-manager] has finished in [846] ms
14-Jun-2025 23:30:51.242 INFO [main] org.apache.catalina.startup.HostConfig.deployDirectory Deploying web application directory [F:\jsp\apache-tomcat-10.1.42\webapps\manager]
14-Jun-2025 23:30:51.688 INFO [main] org.apache.catalina.startup.HostConfig.deployDirectory Deployment of web application directory [F:\jsp\apache-tomcat-10.1.42\webapps\manager] has finished in [445] ms
14-Jun-2025 23:30:51.692 INFO [main] org.apache.catalina.startup.HostConfig.deployDirectory Deploying web application directory [F:\jsp\apache-tomcat-10.1.42\webapps\ROOT]
14-Jun-2025 23:30:52.116 INFO [main] org.apache.catalina.startup.HostConfig.deployDirectory Deployment of web application directory [F:\jsp\apache-tomcat-10.1.42\webapps\ROOT] has finished in [423] ms
14-Jun-2025 23:30:52.186 INFO [main] org.apache.coyote.AbstractProtocol.start Starting ProtocolHandler ["http-nio-8080"]
14-Jun-2025 23:30:52.817 INFO [main] org.apache.catalina.startup.Catalina.start Server startup in [13117] milliseconds
14-Jun-2025 23:31:09.518 INFO [http-nio-8080-exec-7] org.apache.catalina.startup.HostConfig.deployDescriptor Deploying deployment descriptor [F:\jsp\apache-tomcat-10.1.42\conf\Catalina\localhost\Employee.xml]
14-Jun-2025 23:31:09.543 WARNING [http-nio-8080-exec-7] org.apache.catalina.startup.HostConfig.deployDescriptor The path attribute with value [/Employee] in deployment descriptor [F:\jsp\apache-tomcat-10.1.42\conf\Catalina\localhost\Employee.xml] has been ignored
14-Jun-2025 23:31:13.537 INFO [http-nio-8080-exec-7] org.apache.jasper.servlet.TldScanner.scanJars At least one JAR was scanned for TLDs yet contained no TLDs. Enable debug logging for this logger for a complete list of JARs that were scanned but no TLDs were found in them. Skipping unneeded JARs during scanning can improve startup time and JSP compilation time.
14-Jun-2025 23:31:13.812 INFO [http-nio-8080-exec-7] org.apache.catalina.startup.HostConfig.deployDescriptor Deployment of deployment descriptor [F:\jsp\apache-tomcat-10.1.42\conf\Catalina\localhost\Employee.xml] has finished in [4,293] ms
14-Jun-2025 23:31:13.862 INFO [http-nio-8080-exec-2] org.apache.catalina.util.LifecycleBase.start The start() method was called on component [StandardEngine[Catalina].StandardHost[localhost].StandardContext[/Employee]] after start() had already been called. The second call will be ignored.
14-Jun-2025 23:31:44.331 INFO [http-nio-8080-exec-10] org.apache.catalina.startup.HostConfig.undeploy Undeploying context [/Employee]
14-Jun-2025 23:31:44.432 INFO [http-nio-8080-exec-10] org.apache.catalina.startup.HostConfig.deployDescriptor Deploying deployment descriptor [F:\jsp\apache-tomcat-10.1.42\conf\Catalina\localhost\Employee.xml]
14-Jun-2025 23:31:44.458 WARNING [http-nio-8080-exec-10] org.apache.catalina.core.StandardContext.setPath A context path must either be an empty string or start with a '/' and do not end with a '/'. The path [/] does not meet these criteria and has been changed to []
14-Jun-2025 23:31:44.475 WARNING [http-nio-8080-exec-10] org.apache.catalina.startup.HostConfig.deployDescriptor The path attribute with value [] in deployment descriptor [F:\jsp\apache-tomcat-10.1.42\conf\Catalina\localhost\Employee.xml] has been ignored
14-Jun-2025 23:31:51.733 INFO [http-nio-8080-exec-10] org.apache.jasper.servlet.TldScanner.scanJars At least one JAR was scanned for TLDs yet contained no TLDs. Enable debug logging for this logger for a complete list of JARs that were scanned but no TLDs were found in them. Skipping unneeded JARs during scanning can improve startup time and JSP compilation time.
14-Jun-2025 23:31:51.949 INFO [http-nio-8080-exec-10] org.apache.catalina.startup.HostConfig.deployDescriptor Deployment of deployment descriptor [F:\jsp\apache-tomcat-10.1.42\conf\Catalina\localhost\Employee.xml] has finished in [7,515] ms
14-Jun-2025 23:31:52.966 INFO [http-nio-8080-exec-10] org.apache.catalina.startup.HostConfig.undeploy Undeploying context [/Employee]
14-Jun-2025 23:31:53.742 INFO [Catalina-utility-1] org.apache.catalina.startup.HostConfig.undeploy Undeploying context []
14-Jun-2025 23:31:53.844 INFO [http-nio-8080-exec-3] org.apache.catalina.startup.HostConfig.deployDescriptor Deploying deployment descriptor [F:\jsp\apache-tomcat-10.1.42\conf\Catalina\localhost\ROOT.xml]
14-Jun-2025 23:31:53.851 WARNING [http-nio-8080-exec-3] org.apache.catalina.core.StandardContext.setPath A context path must either be an empty string or start with a '/' and do not end with a '/'. The path [/] does not meet these criteria and has been changed to []
14-Jun-2025 23:31:53.871 WARNING [http-nio-8080-exec-3] org.apache.catalina.startup.HostConfig.deployDescriptor The path attribute with value [] in deployment descriptor [F:\jsp\apache-tomcat-10.1.42\conf\Catalina\localhost\ROOT.xml] has been ignored
14-Jun-2025 23:31:57.880 INFO [http-nio-8080-exec-3] org.apache.jasper.servlet.TldScanner.scanJars At least one JAR was scanned for TLDs yet contained no TLDs. Enable debug logging for this logger for a complete list of JARs that were scanned but no TLDs were found in them. Skipping unneeded JARs during scanning can improve startup time and JSP compilation time.
14-Jun-2025 23:31:58.046 INFO [http-nio-8080-exec-3] org.apache.catalina.startup.HostConfig.deployDescriptor Deployment of deployment descriptor [F:\jsp\apache-tomcat-10.1.42\conf\Catalina\localhost\ROOT.xml] has finished in [4,196] ms
14-Jun-2025 23:31:58.197 INFO [http-nio-8080-exec-3] org.apache.catalina.util.LifecycleBase.start The start() method was called on component [StandardEngine[Catalina].StandardHost[localhost].StandardContext[]] after start() had already been called. The second call will be ignored.
14-Jun-2025 23:34:14.503 INFO [Catalina-utility-1] org.apache.catalina.startup.HostConfig.reload Reloading context []
14-Jun-2025 23:34:16.403 INFO [http-nio-8080-exec-13] org.apache.jasper.servlet.TldScanner.scanJars At least one JAR was scanned for TLDs yet contained no TLDs. Enable debug logging for this logger for a complete list of JARs that were scanned but no TLDs were found in them. Skipping unneeded JARs during scanning can improve startup time and JSP compilation time.
14-Jun-2025 23:34:17.083 INFO [Catalina-utility-1] org.apache.catalina.util.LifecycleBase.start The start() method was called on component [StandardEngine[Catalina].StandardHost[localhost].StandardContext[]] after start() had already been called. The second call will be ignored.
14-Jun-2025 23:34:24.201 INFO [http-nio-8080-exec-17] org.apache.jasper.servlet.TldScanner.scanJars At least one JAR was scanned for TLDs yet contained no TLDs. Enable debug logging for this logger for a complete list of JARs that were scanned but no TLDs were found in them. Skipping unneeded JARs during scanning can improve startup time and JSP compilation time.
14-Jun-2025 23:46:20.342 INFO [http-nio-8080-exec-23] org.apache.jasper.servlet.TldScanner.scanJars At least one JAR was scanned for TLDs yet contained no TLDs. Enable debug logging for this logger for a complete list of JARs that were scanned but no TLDs were found in them. Skipping unneeded JARs during scanning can improve startup time and JSP compilation time.
14-Jun-2025 23:46:54.264 INFO [http-nio-8080-exec-27] org.apache.catalina.startup.HostConfig.undeploy Undeploying context []
14-Jun-2025 23:47:26.760 INFO [http-nio-8080-exec-35] org.apache.catalina.startup.HostConfig.deployDescriptor Deploying deployment descriptor [F:\jsp\apache-tomcat-10.1.42\conf\Catalina\localhost\ROOT.xml]
14-Jun-2025 23:47:26.780 WARNING [http-nio-8080-exec-35] org.apache.catalina.core.StandardContext.setPath A context path must either be an empty string or start with a '/' and do not end with a '/'. The path [/] does not meet these criteria and has been changed to []
14-Jun-2025 23:47:26.780 WARNING [http-nio-8080-exec-35] org.apache.catalina.startup.HostConfig.deployDescriptor The path attribute with value [] in deployment descriptor [F:\jsp\apache-tomcat-10.1.42\conf\Catalina\localhost\ROOT.xml] has been ignored
14-Jun-2025 23:47:29.105 INFO [http-nio-8080-exec-35] org.apache.jasper.servlet.TldScanner.scanJars At least one JAR was scanned for TLDs yet contained no TLDs. Enable debug logging for this logger for a complete list of JARs that were scanned but no TLDs were found in them. Skipping unneeded JARs during scanning can improve startup time and JSP compilation time.
14-Jun-2025 23:47:29.240 INFO [http-nio-8080-exec-35] org.apache.catalina.startup.HostConfig.deployDescriptor Deployment of deployment descriptor [F:\jsp\apache-tomcat-10.1.42\conf\Catalina\localhost\ROOT.xml] has finished in [2,480] ms
14-Jun-2025 23:47:29.260 INFO [http-nio-8080-exec-36] org.apache.catalina.util.LifecycleBase.start The start() method was called on component [StandardEngine[Catalina].StandardHost[localhost].StandardContext[]] after start() had already been called. The second call will be ignored.
14-Jun-2025 23:48:51.647 INFO [http-nio-8080-exec-38] org.apache.catalina.startup.HostConfig.undeploy Undeploying context []
14-Jun-2025 23:48:59.346 INFO [http-nio-8080-exec-45] org.apache.catalina.startup.HostConfig.deployDescriptor Deploying deployment descriptor [F:\jsp\apache-tomcat-10.1.42\conf\Catalina\localhost\ROOT.xml]
14-Jun-2025 23:48:59.356 WARNING [http-nio-8080-exec-45] org.apache.catalina.core.StandardContext.setPath A context path must either be an empty string or start with a '/' and do not end with a '/'. The path [/] does not meet these criteria and has been changed to []
14-Jun-2025 23:48:59.362 WARNING [http-nio-8080-exec-45] org.apache.catalina.startup.HostConfig.deployDescriptor The path attribute with value [] in deployment descriptor [F:\jsp\apache-tomcat-10.1.42\conf\Catalina\localhost\ROOT.xml] has been ignored
14-Jun-2025 23:49:02.645 INFO [http-nio-8080-exec-45] org.apache.jasper.servlet.TldScanner.scanJars At least one JAR was scanned for TLDs yet contained no TLDs. Enable debug logging for this logger for a complete list of JARs that were scanned but no TLDs were found in them. Skipping unneeded JARs during scanning can improve startup time and JSP compilation time.
14-Jun-2025 23:49:02.894 INFO [http-nio-8080-exec-45] org.apache.catalina.startup.HostConfig.deployDescriptor Deployment of deployment descriptor [F:\jsp\apache-tomcat-10.1.42\conf\Catalina\localhost\ROOT.xml] has finished in [3,546] ms
14-Jun-2025 23:49:02.921 INFO [http-nio-8080-exec-39] org.apache.catalina.util.LifecycleBase.start The start() method was called on component [StandardEngine[Catalina].StandardHost[localhost].StandardContext[]] after start() had already been called. The second call will be ignored.
14-Jun-2025 23:52:18.503 INFO [http-nio-8080-exec-49] org.apache.catalina.core.StandardContext.reload Reloading Context with name [] has started
14-Jun-2025 23:52:30.862 INFO [http-nio-8080-exec-49] org.apache.jasper.servlet.TldScanner.scanJars At least one JAR was scanned for TLDs yet contained no TLDs. Enable debug logging for this logger for a complete list of JARs that were scanned but no TLDs were found in them. Skipping unneeded JARs during scanning can improve startup time and JSP compilation time.
14-Jun-2025 23:52:31.139 INFO [http-nio-8080-exec-49] org.apache.catalina.core.StandardContext.reload Reloading Context with name [] is completed
14-Jun-2025 23:52:31.635 INFO [http-nio-8080-exec-57] org.apache.catalina.core.StandardContext.reload Reloading Context with name [] has started
14-Jun-2025 23:52:34.304 INFO [http-nio-8080-exec-57] org.apache.jasper.servlet.TldScanner.scanJars At least one JAR was scanned for TLDs yet contained no TLDs. Enable debug logging for this logger for a complete list of JARs that were scanned but no TLDs were found in them. Skipping unneeded JARs during scanning can improve startup time and JSP compilation time.
14-Jun-2025 23:52:34.575 INFO [http-nio-8080-exec-57] org.apache.catalina.core.StandardContext.reload Reloading Context with name [] is completed
14-Jun-2025 23:52:47.000 INFO [http-nio-8080-exec-52] org.apache.jasper.servlet.TldScanner.scanJars At least one JAR was scanned for TLDs yet contained no TLDs. Enable debug logging for this logger for a complete list of JARs that were scanned but no TLDs were found in them. Skipping unneeded JARs during scanning can improve startup time and JSP compilation time.
14-Jun-2025 23:52:47.857 INFO [http-nio-8080-exec-52] org.apache.catalina.startup.HostConfig.undeploy Undeploying context []
14-Jun-2025 23:55:24.643 INFO [http-nio-8080-exec-65] org.apache.catalina.startup.HostConfig.deployDescriptor Deploying deployment descriptor [F:\jsp\apache-tomcat-10.1.42\conf\Catalina\localhost\ROOT.xml]
14-Jun-2025 23:55:24.656 WARNING [http-nio-8080-exec-65] org.apache.catalina.core.StandardContext.setPath A context path must either be an empty string or start with a '/' and do not end with a '/'. The path [/] does not meet these criteria and has been changed to []
14-Jun-2025 23:55:24.659 WARNING [http-nio-8080-exec-65] org.apache.catalina.startup.HostConfig.deployDescriptor The path attribute with value [] in deployment descriptor [F:\jsp\apache-tomcat-10.1.42\conf\Catalina\localhost\ROOT.xml] has been ignored
14-Jun-2025 23:55:27.570 INFO [http-nio-8080-exec-65] org.apache.jasper.servlet.TldScanner.scanJars At least one JAR was scanned for TLDs yet contained no TLDs. Enable debug logging for this logger for a complete list of JARs that were scanned but no TLDs were found in them. Skipping unneeded JARs during scanning can improve startup time and JSP compilation time.
14-Jun-2025 23:55:27.809 INFO [http-nio-8080-exec-65] org.apache.catalina.startup.HostConfig.deployDescriptor Deployment of deployment descriptor [F:\jsp\apache-tomcat-10.1.42\conf\Catalina\localhost\ROOT.xml] has finished in [3,165] ms
14-Jun-2025 23:55:27.838 INFO [http-nio-8080-exec-65] org.apache.catalina.util.LifecycleBase.start The start() method was called on component [StandardEngine[Catalina].StandardHost[localhost].StandardContext[]] after start() had already been called. The second call will be ignored.
